<?xml version="1.0" encoding="UTF-8"?>
<!-- Generated by org.testng.reporters.JUnitReportReporter -->
<testsuite hostname="Asus-Vivobook-S14" failures="0" tests="10" name="TelecomAPIProject.ContactListAPITesting" time="23.363" errors="0" timestamp="2025-12-26T05:32:23 IST" skipped="0">
  <testcase classname="TelecomAPIProject.ContactListAPITesting" name="TC01_addNewUser" time="8.991"/>
  <testcase classname="TelecomAPIProject.ContactListAPITesting" name="TC02_getUserProfile" time="1.848"/>
  <testcase classname="TelecomAPIProject.ContactListAPITesting" name="TC03_updateUser" time="1.627"/>
  <testcase classname="TelecomAPIProject.ContactListAPITesting" name="TC04_loginUser" time="1.724"/>
  <testcase classname="TelecomAPIProject.ContactListAPITesting" name="TC05_addContact" time="1.632"/>
  <testcase classname="TelecomAPIProject.ContactListAPITesting" name="TC06_getContactList" time="1.401"/>
  <testcase classname="TelecomAPIProject.ContactListAPITesting" name="TC07_getContact" time="1.643"/>
  <testcase classname="TelecomAPIProject.ContactListAPITesting" name="TC08_updateContactPut" time="1.613"/>
  <testcase classname="TelecomAPIProject.ContactListAPITesting" name="TC09_updateContactPatch" time="1.522"/>
  <testcase classname="TelecomAPIProject.ContactListAPITesting" name="TC10_logoutUser" time="1.362"/>
</testsuite> <!-- TelecomAPIProject.ContactListAPITesting -->
